Nov-11 04:55:32.805 [main] DEBUG nextflow.cli.Launcher - $> nextflow run pipeline/main.nf -with-trace
Nov-11 04:55:32.897 [main] DEBUG nextflow.cli.CmdRun - N E X T F L O W  ~  version 25.10.0
Nov-11 04:55:32.947 [main] DEBUG nextflow.config.ConfigBuilder - Found config base: /home/patwuch/projects/gee_dengue_ml/pipeline/nextflow.config
Nov-11 04:55:32.952 [main] DEBUG nextflow.config.ConfigBuilder - Parsing config file: /home/patwuch/projects/gee_dengue_ml/pipeline/nextflow.config
Nov-11 04:55:32.987 [main] DEBUG nextflow.config.ConfigBuilder - Applying config profile: `standard`
Nov-11 04:55:33.509 [main] DEBUG nextflow.plugin.PluginsFacade - Setting up plugin manager > mode=prod; embedded=false; plugins-dir=/home/patwuch/.nextflow/plugins; core-plugins: nf-amazon@3.4.1,nf-azure@1.20.2,nf-cloudcache@0.5.0,nf-codecommit@0.5.0,nf-console@1.3.0,nf-google@1.23.3,nf-k8s@1.2.2,nf-tower@1.17.1,nf-wave@1.16.1
Nov-11 04:55:33.522 [main] INFO  o.pf4j.DefaultPluginStatusProvider - Enabled plugins: []
Nov-11 04:55:33.523 [main] INFO  o.pf4j.DefaultPluginStatusProvider - Disabled plugins: []
Nov-11 04:55:33.526 [main] INFO  org.pf4j.DefaultPluginManager - PF4J version 3.12.0 in 'deployment' mode
Nov-11 04:55:33.542 [main] DEBUG nextflow.util.RetryConfig - Missing nextflow session - using default retry config
Nov-11 04:55:33.698 [main] INFO  org.pf4j.AbstractPluginManager - No plugins
Nov-11 04:55:33.700 [main] DEBUG nextflow.plugin.PluginsFacade - Plugins default=[]
Nov-11 04:55:33.701 [main] DEBUG nextflow.plugin.PluginsFacade - Plugins resolved requirement=[]
Nov-11 04:55:33.717 [main] DEBUG n.secret.LocalSecretsProvider - Secrets store: /home/patwuch/.nextflow/secrets/store.json
Nov-11 04:55:33.721 [main] DEBUG nextflow.secret.SecretsLoader - Discovered secrets providers: [nextflow.secret.LocalSecretsProvider@7dffda8b] - activable => nextflow.secret.LocalSecretsProvider@7dffda8b
Nov-11 04:55:33.733 [main] DEBUG nextflow.cli.CmdRun - Applied DSL=2 from script declaration
Nov-11 04:55:33.748 [main] DEBUG nextflow.cli.CmdRun - Launching `pipeline/main.nf` [backstabbing_stonebraker] DSL2 - revision: d7d372e6ca
Nov-11 04:55:33.805 [main] DEBUG nextflow.Session - Session UUID: dadc1dd9-b0ef-432b-90a0-7d7b1fe60748
Nov-11 04:55:33.806 [main] DEBUG nextflow.Session - Run name: backstabbing_stonebraker
Nov-11 04:55:33.806 [main] DEBUG nextflow.Session - Executor pool size: 4
Nov-11 04:55:33.816 [main] DEBUG nextflow.file.FilePorter - File porter settings maxRetries=3; maxTransfers=50; pollTimeout=null
Nov-11 04:55:33.824 [main] DEBUG nextflow.util.ThreadPoolBuilder - Creating thread pool 'FileTransfer' minSize=10; maxSize=12; workQueue=LinkedBlockingQueue[-1]; allowCoreThreadTimeout=false
Nov-11 04:55:33.846 [main] DEBUG nextflow.cli.CmdRun - 
  Version: 25.10.0 build 10289
  Created: 22-10-2025 16:26 UTC (23-10-2025 00:26 CDT)
  System: Linux 6.6.87.2-microsoft-standard-WSL2
  Runtime: Groovy 4.0.28 on OpenJDK 64-Bit Server VM 21.0.8+9-Ubuntu-0ubuntu124.04.1
  Encoding: UTF-8 (UTF-8)
  Process: 138679@DESKTOP-IJGFCQD [127.0.1.1]
  CPUs: 4 - Mem: 11.7 GB (6.2 GB) - Swap: 16 GB (16 GB)
Nov-11 04:55:33.875 [main] DEBUG nextflow.Session - Work-dir: /home/patwuch/projects/gee_dengue_ml/work [ext2/ext3]
Nov-11 04:55:33.876 [main] DEBUG nextflow.Session - Script base path does not exist or is not a directory: /home/patwuch/projects/gee_dengue_ml/pipeline/bin
Nov-11 04:55:33.889 [main] DEBUG nextflow.executor.ExecutorFactory - Extension executors providers=[]
Nov-11 04:55:33.902 [main] DEBUG nextflow.Session - Observer factory (v2): LinObserverFactory
Nov-11 04:55:33.906 [main] DEBUG nextflow.Session - Observer factory (v2): DefaultObserverFactory
Nov-11 04:55:33.961 [main] DEBUG nextflow.cache.CacheFactory - Using Nextflow cache factory: nextflow.cache.DefaultCacheFactory
Nov-11 04:55:33.972 [main] DEBUG nextflow.util.CustomThreadPool - Creating default thread pool > poolSize: 5; maxThreads: 1000
Nov-11 04:55:34.041 [main] DEBUG nextflow.Session - Session start
Nov-11 04:55:34.047 [main] DEBUG nextflow.trace.TraceFileObserver - Workflow started -- trace file: trace-20251111-17733911.txt
Nov-11 04:55:34.385 [main] DEBUG nextflow.script.ScriptRunner - > Launching execution
Nov-11 04:55:34.438 [main] DEBUG nextflow.script.ScriptRunner - Parsed script files:
  Script_cd0bf773891c2ac5: /home/patwuch/projects/gee_dengue_ml/pipeline/main.nf
Nov-11 04:55:34.440 [main] DEBUG nextflow.Session - Session aborted -- Cause: No such property: path for class: nextflow.script.dsl.ProcessDslV1
Nov-11 04:55:34.460 [main] DEBUG n.trace.WorkflowStatsObserver - Workflow completed > WorkflowStats[succeededCount=0; failedCount=0; ignoredCount=0; cachedCount=0; pendingCount=0; submittedCount=0; runningCount=0; retriesCount=0; abortedCount=0; succeedDuration=0ms; failedDuration=0ms; cachedDuration=0ms;loadCpus=0; loadMemory=0; peakRunning=0; peakCpus=0; peakMemory=0; ]
Nov-11 04:55:34.651 [main] DEBUG nextflow.trace.TraceFileObserver - Workflow completed -- saving trace file
Nov-11 04:55:34.671 [main] ERROR nextflow.cli.Launcher - @unknown
groovy.lang.MissingPropertyException: No such property: path for class: nextflow.script.dsl.ProcessDslV1
	at org.codehaus.groovy.runtime.ScriptBytecodeAdapter.unwrap(ScriptBytecodeAdapter.java:68)
	at org.codehaus.groovy.vmplugin.v8.IndyGuardsFiltersAndSignatures.unwrap(IndyGuardsFiltersAndSignatures.java:163)
	at org.codehaus.groovy.vmplugin.v8.IndyInterface.fromCache(IndyInterface.java:321)
	at Script_cd0bf773891c2ac5$_runScript_closure1.doCall(Script_cd0bf773891c2ac5:29)
	at Script_cd0bf773891c2ac5$_runScript_closure1.doCall(Script_cd0bf773891c2ac5)
	at java.base/jdk.internal.reflect.DirectMethodHandleAccessor.invoke(DirectMethodHandleAccessor.java:103)
	at java.base/java.lang.reflect.Method.invoke(Method.java:580)
	at org.codehaus.groovy.reflection.CachedMethod.invoke(CachedMethod.java:343)
	at groovy.lang.MetaMethod.doMethodInvoke(MetaMethod.java:328)
	at org.codehaus.groovy.runtime.metaclass.ClosureMetaClass.invokeMethod(ClosureMetaClass.java:280)
	at groovy.lang.MetaClassImpl.invokeMethod(MetaClassImpl.java:1007)
	at groovy.lang.Closure.call(Closure.java:433)
	at groovy.lang.Closure.call(Closure.java:412)
	at nextflow.script.BaseScript.process(BaseScript.groovy:136)
	at org.codehaus.groovy.vmplugin.v8.IndyInterface.fromCache(IndyInterface.java:321)
	at Script_cd0bf773891c2ac5.runScript(Script_cd0bf773891c2ac5:22)
	at nextflow.script.BaseScript.run0(BaseScript.groovy:218)
	at nextflow.script.BaseScript.run(BaseScript.groovy:260)
	at nextflow.script.parser.v1.ScriptLoaderV1.runScript(ScriptLoaderV1.groovy:246)
	at nextflow.script.parser.v1.ScriptLoaderV1.runScript(ScriptLoaderV1.groovy)
	at nextflow.script.ScriptRunner.run(ScriptRunner.groovy:246)
	at nextflow.script.ScriptRunner.execute(ScriptRunner.groovy:139)
	at nextflow.cli.CmdRun.run(CmdRun.groovy:428)
	at nextflow.cli.Launcher.run(Launcher.groovy:515)
	at nextflow.cli.Launcher.main(Launcher.groovy:675)
